<?xml version="1.0" encoding="UTF-8"?>
<robot generator="Robot 5.0.1 (Python 3.9.13 on win32)" generated="20220808 23:31:19.644" rpa="false" schemaversion="3">
<suite id="s1" name="student TC" source="d:\projects\robot\api-automation\firstProject_TC\student_TC.robot">
<test id="s1-t1" name="UnRegister student from course" line="130">
<kw name="DELETE" library="RequestsLibrary">
<var>${resp}</var>
<arg>${base_url}/students/${student_id}/courses/${course_id}</arg>
<doc>Sends a DELETE request.</doc>
<msg timestamp="20220808 23:31:21.045" level="INFO">DELETE Request : url=http://localhost:8080/firstProject/api/students/2/courses/1 
 path_url=/firstProject/api/students/2/courses/1 
 headers={'User-Agent': 'python-requests/2.28.1', 'Accept-Encoding': 'gzip, deflate', 'Accept': '*/*', 'Connection': 'keep-alive', 'Content-Length': '0'} 
 body=None 
 </msg>
<msg timestamp="20220808 23:31:21.076" level="INFO">DELETE Response : url=http://localhost:8080/firstProject/api/students/2/courses/1 
 status=200, reason= 
 headers={'Content-Type': 'application/json', 'Transfer-Encoding': 'chunked', 'Date': 'Mon, 08 Aug 2022 20:31:21 GMT', 'Keep-Alive': 'timeout=60', 'Connection': 'keep-alive'} 
 body={"id":2,"name":"Robot-framework student","role":"student","regCourses":[]} 
 </msg>
<msg timestamp="20220808 23:31:21.076" level="INFO">${resp} = &lt;Response [200]&gt;</msg>
<status status="PASS" starttime="20220808 23:31:21.010" endtime="20220808 23:31:21.076"/>
</kw>
<kw name="Create List" library="BuiltIn">
<var>@{reCourse_list}</var>
<doc>Returns a list containing given items.</doc>
<msg timestamp="20220808 23:31:21.079" level="INFO">@{reCourse_list} = [ ]</msg>
<status status="PASS" starttime="20220808 23:31:21.078" endtime="20220808 23:31:21.079"/>
</kw>
<kw name="Create Dictionary" library="BuiltIn">
<var>${res_data}</var>
<arg>id=${resp.json()}[id]</arg>
<arg>name=${resp.json()}[name]</arg>
<arg>role=student</arg>
<arg>regCourses=${resp.json()}[regCourses]</arg>
<doc>Creates and returns a dictionary based on the given ``items``.</doc>
<msg timestamp="20220808 23:31:21.083" level="INFO">${res_data} = {'id': 2, 'name': 'Robot-framework student', 'role': 'student', 'regCourses': []}</msg>
<status status="PASS" starttime="20220808 23:31:21.080" endtime="20220808 23:31:21.084"/>
</kw>
<kw name="Create Dictionary" library="BuiltIn">
<var>${expected_data}</var>
<arg>id=${resp.json()}[id]</arg>
<arg>name=Robot-framework student</arg>
<arg>role=student</arg>
<arg>regCourses=@{reCourse_list}</arg>
<doc>Creates and returns a dictionary based on the given ``items``.</doc>
<msg timestamp="20220808 23:31:21.088" level="INFO">${expected_data} = {'id': 2, 'name': 'Robot-framework student', 'role': 'student', 'regCourses': []}</msg>
<status status="PASS" starttime="20220808 23:31:21.085" endtime="20220808 23:31:21.088"/>
</kw>
<kw name="Status Should Be" library="RequestsLibrary">
<arg>OK</arg>
<arg>${resp}</arg>
<doc>Fails if response status code is different than the expected.</doc>
<status status="PASS" starttime="20220808 23:31:21.089" endtime="20220808 23:31:21.090"/>
</kw>
<kw name="Dictionaries Should Be Equal" library="Collections">
<arg>${res_data}</arg>
<arg>${expected_data}</arg>
<doc>Fails if the given dictionaries are not equal.</doc>
<status status="PASS" starttime="20220808 23:31:21.091" endtime="20220808 23:31:21.092"/>
</kw>
<tag>delete</tag>
<status status="PASS" starttime="20220808 23:31:21.008" endtime="20220808 23:31:21.093"/>
</test>
<status status="PASS" starttime="20220808 23:31:19.656" endtime="20220808 23:31:21.096"/>
</suite>
<statistics>
<total>
<stat pass="1" fail="0" skip="0">All Tests</stat>
</total>
<tag>
<stat pass="1" fail="0" skip="0">delete</stat>
</tag>
<suite>
<stat pass="1" fail="0" skip="0" id="s1" name="student TC">student TC</stat>
</suite>
</statistics>
<errors>
</errors>
</robot>
